[debug] [2023-01-21T11:20:12.743Z] ----------------------------------------------------------------------
[debug] [2023-01-21T11:20:12.744Z] Command:       C:\node\node.exe C:\Users\DELL\AppData\Roaming\npm\node_modules\firebase-tools\lib\bin\firebase.js init
[debug] [2023-01-21T11:20:12.745Z] CLI Version:   11.21.0
[debug] [2023-01-21T11:20:12.745Z] Platform:      win32
[debug] [2023-01-21T11:20:12.745Z] Node Version:  v16.16.0
[debug] [2023-01-21T11:20:12.746Z] Time:          Sat Jan 21 2023 16:50:12 GMT+0530 (India Standard Time)
[debug] [2023-01-21T11:20:12.746Z] ----------------------------------------------------------------------
[debug] 
[debug] [2023-01-21T11:20:12.752Z] > command requires scopes: ["email","openid","https://www.googleapis.com/auth/cloudplatformprojects.readonly","https://www.googleapis.com/auth/firebase","https://www.googleapis.com/auth/cloud-platform"]
[debug] [2023-01-21T11:20:12.752Z] > authorizing via signed-in user (yashvardhans016@gmail.com)
[info] 
     ######## #### ########  ######## ########     ###     ######  ########
     ##        ##  ##     ## ##       ##     ##  ##   ##  ##       ##
     ######    ##  ########  ######   ########  #########  ######  ######
     ##        ##  ##    ##  ##       ##     ## ##     ##       ## ##
     ##       #### ##     ## ######## ########  ##     ##  ######  ########

You're about to initialize a Firebase project in this directory:

  C:\Users\DELL\Desktop\githubprojects\WebDevelopment\stack-overflow-clone

[info] 
=== Project Setup
[info] 
[info] First, let's associate this project directory with a Firebase project.
[info] You can create multiple project aliases by running firebase use --add, 
[info] but for now we'll just set up a default project.
[info] 
[debug] [2023-01-21T11:25:23.292Z] >>> [apiv2][query] GET https://firebase.googleapis.com/v1beta1/projects pageSize=100
[debug] [2023-01-21T11:25:24.131Z] <<< [apiv2][status] GET https://firebase.googleapis.com/v1beta1/projects 200
[debug] [2023-01-21T11:25:24.131Z] <<< [apiv2][body] GET https://firebase.googleapis.com/v1beta1/projects [omitted]
[info] i  Using project stackoverflowclone-7ff79 (stackOverflowClone) 
[info] 
=== Hosting Setup
[info] 
[info] Your public directory is the folder (relative to your project directory) that
[info] will contain Hosting assets to be uploaded with firebase deploy. If you
[info] have a build process for your assets, use your build's output directory.
[info] 
[debug] [2023-01-21T16:48:07.877Z] ----------------------------------------------------------------------
[debug] [2023-01-21T16:48:07.880Z] Command:       C:\node\node.exe C:\Users\DELL\AppData\Roaming\npm\node_modules\firebase-tools\lib\bin\firebase.js init
[debug] [2023-01-21T16:48:07.881Z] CLI Version:   11.21.0
[debug] [2023-01-21T16:48:07.881Z] Platform:      win32
[debug] [2023-01-21T16:48:07.881Z] Node Version:  v16.16.0
[debug] [2023-01-21T16:48:07.891Z] Time:          Sat Jan 21 2023 22:18:07 GMT+0530 (India Standard Time)
[debug] [2023-01-21T16:48:07.891Z] ----------------------------------------------------------------------
[debug] 
[debug] [2023-01-21T16:48:07.909Z] > command requires scopes: ["email","openid","https://www.googleapis.com/auth/cloudplatformprojects.readonly","https://www.googleapis.com/auth/firebase","https://www.googleapis.com/auth/cloud-platform"]
[debug] [2023-01-21T16:48:07.910Z] > authorizing via signed-in user (yashvardhans016@gmail.com)
[info] 
     ######## #### ########  ######## ########     ###     ######  ########
     ##        ##  ##     ## ##       ##     ##  ##   ##  ##       ##
     ######    ##  ########  ######   ########  #########  ######  ######
     ##        ##  ##    ##  ##       ##     ## ##     ##       ## ##
     ##       #### ##     ## ######## ########  ##     ##  ######  ########

You're about to initialize a Firebase project in this directory:

  C:\Users\DELL\Desktop\githubprojects\WebDevelopment\stack-overflow-clone

[info] 
=== Project Setup
[info] 
[info] First, let's associate this project directory with a Firebase project.
[info] You can create multiple project aliases by running firebase use --add, 
[info] but for now we'll just set up a default project.
[info] 
[debug] [2023-01-21T16:59:07.741Z] > refreshing access token with scopes: []
[debug] [2023-01-21T16:59:07.742Z] >>> [apiv2][query] POST https://www.googleapis.com/oauth2/v3/token [none]
[debug] [2023-01-21T16:59:07.742Z] >>> [apiv2][body] POST https://www.googleapis.com/oauth2/v3/token [omitted]
[debug] [2023-01-21T16:59:08.047Z] <<< [apiv2][status] POST https://www.googleapis.com/oauth2/v3/token 200
[debug] [2023-01-21T16:59:08.047Z] <<< [apiv2][body] POST https://www.googleapis.com/oauth2/v3/token [omitted]
[debug] [2023-01-21T16:59:08.070Z] >>> [apiv2][query] GET https://firebase.googleapis.com/v1beta1/projects pageSize=100
[debug] [2023-01-21T16:59:08.795Z] <<< [apiv2][status] GET https://firebase.googleapis.com/v1beta1/projects 200
[debug] [2023-01-21T16:59:08.795Z] <<< [apiv2][body] GET https://firebase.googleapis.com/v1beta1/projects [omitted]
[info] i  Using project stackoverflowclone-7ff79 (stackOverflowClone) 
[info] 
=== Hosting Setup
[info] 
[info] Your public directory is the folder (relative to your project directory) that
[info] will contain Hosting assets to be uploaded with firebase deploy. If you
[info] have a build process for your assets, use your build's output directory.
[info] 
